<?xml version="1.0" encoding="UTF-8"?>
<!-- Generated by org.testng.reporters.JUnitReportReporter -->
<testsuite skipped="0" hostname="mergertestings" name="com.banjara_Teacher.scripts.View_Student_Attendance_Test" tests="1" failures="0" timestamp="19 Jun 2017 12:40:59 GMT" time="50.039" errors="0">
  <testcase name="testView_Student_Attendance" time="50.039" classname="com.banjara_Teacher.scripts.View_Student_Attendance_Test"/>
</testsuite> <!-- com.banjara_Teacher.scripts.View_Student_Attendance_Test -->
