<?xml version="1.0" encoding="UTF-8"?>
<!-- Generated by org.testng.reporters.JUnitReportReporter -->
<testsuite skipped="0" hostname="mergertestings" name="com.banjara_library.scripts.RegisterBookTest" tests="1" failures="0" timestamp="20 Jun 2017 09:06:43 GMT" time="87.816" errors="0">
  <testcase name="testRegisterBook" time="87.816" classname="com.banjara_library.scripts.RegisterBookTest"/>
</testsuite> <!-- com.banjara_library.scripts.RegisterBookTest -->
