<?xml version="1.0" encoding="UTF-8"?>
<!-- Generated by org.testng.reporters.JUnitReportReporter -->
<testsuite skipped="0" hostname="mergertestings" name="com.banjara_Teacher.scripts.Edit_Student_Attendance_Test" tests="1" failures="0" timestamp="19 Jun 2017 13:15:08 GMT" time="52.531" errors="0">
  <testcase name="test_Edit_Student_Attendance" time="52.531" classname="com.banjara_Teacher.scripts.Edit_Student_Attendance_Test"/>
</testsuite> <!-- com.banjara_Teacher.scripts.Edit_Student_Attendance_Test -->
