<?xml version="1.0" encoding="UTF-8"?>
<!-- Generated by org.testng.reporters.JUnitReportReporter -->
<testsuite skipped="0" hostname="mergertestings" name="com.banjara.scripts.registerBookTest" tests="1" failures="0" timestamp="31 May 2017 12:56:11 GMT" time="81.584" errors="0">
  <testcase name="testRegisterBook" time="81.584" classname="com.banjara.scripts.registerBookTest"/>
</testsuite> <!-- com.banjara.scripts.registerBookTest -->
