<?xml version="1.0" encoding="UTF-8"?>
<!-- Generated by org.testng.reporters.JUnitReportReporter -->
<testsuite skipped="0" hostname="mergertestings" name="com.banjara_library.scripts.TestTestng" tests="1" failures="0" timestamp="08 Jun 2017 07:13:03 GMT" time="0.008" errors="0">
  <testcase name="disp" time="0.008" classname="com.banjara_library.scripts.TestTestng"/>
</testsuite> <!-- com.banjara_library.scripts.TestTestng -->
