<?xml version="1.0" encoding="UTF-8"?>
<!-- Generated by org.testng.reporters.JUnitReportReporter -->
<testsuite skipped="0" hostname="mergertestings" name="com.banjara_Teacher.scripts.VerifyValidLoginTest" tests="1" failures="0" timestamp="12 Jun 2017 09:00:30 GMT" time="13.752" errors="0">
  <testcase name="testVerifyValidLogin" time="13.752" classname="com.banjara_Teacher.scripts.VerifyValidLoginTest"/>
</testsuite> <!-- com.banjara_Teacher.scripts.VerifyValidLoginTest -->
