<?xml version="1.0" encoding="UTF-8"?>
<!-- Generated by org.testng.reporters.JUnitReportReporter -->
<testsuite skipped="0" hostname="mergertestings" name="com.banjara.scripts.AllHomePageLinkTest" tests="1" failures="0" timestamp="31 May 2017 12:03:50 GMT" time="59.889" errors="0">
  <testcase name="testClickAllLinks" time="59.889" classname="com.banjara.scripts.AllHomePageLinkTest"/>
</testsuite> <!-- com.banjara.scripts.AllHomePageLinkTest -->
