<?xml version="1.0" encoding="UTF-8"?>
<!-- Generated by org.testng.reporters.JUnitReportReporter -->
<testsuite skipped="0" hostname="mergertestings" name="com.banjara_principal.scripts.Student_Details_Test" tests="2" failures="0" timestamp="29 Jun 2017 07:19:53 GMT" time="269.483" errors="0">
  <testcase name="test_Student_Details" time="8.417" classname="com.banjara_principal.scripts.Student_Details_Test"/>
  <testcase name="test_Student_TimeTable" time="261.066" classname="com.banjara_principal.scripts.Student_Details_Test"/>
</testsuite> <!-- com.banjara_principal.scripts.Student_Details_Test -->
