<?xml version="1.0" encoding="UTF-8"?>
<!-- Generated by org.testng.reporters.JUnitReportReporter -->
<testsuite skipped="0" hostname="mergertestings" name="com.banjara_library.scripts.BookIssueTest" tests="1" failures="0" timestamp="17 Jul 2017 12:42:23 GMT" time="61.656" errors="0">
  <testcase name="TestBookIssue" time="61.656" classname="com.banjara_library.scripts.BookIssueTest"/>
</testsuite> <!-- com.banjara_library.scripts.BookIssueTest -->
