<?xml version="1.0" encoding="UTF-8"?>
<!-- Generated by org.testng.reporters.JUnitReportReporter -->
<testsuite skipped="0" hostname="mergertestings" name="com.banjara_Teacher.scripts.Rough" tests="2" failures="0" timestamp="13 Jul 2017 12:57:50 GMT" time="0.031" errors="0">
  <testcase name="first" time="0.031" classname="com.banjara_Teacher.scripts.Rough"/>
  <testcase name="second" time="0.000" classname="com.banjara_Teacher.scripts.Rough"/>
</testsuite> <!-- com.banjara_Teacher.scripts.Rough -->
