<?xml version="1.0" encoding="UTF-8"?>
<!-- Generated by org.testng.reporters.JUnitReportReporter -->
<testsuite skipped="0" hostname="mergertestings" name="com.banjara_Teacher.scripts.Select_Date_Attendance_Rough" tests="1" failures="0" timestamp="19 Jun 2017 12:18:22 GMT" time="102.574" errors="0">
  <testcase name="testAddStudentAttendance" time="102.574" classname="com.banjara_Teacher.scripts.Select_Date_Attendance_Rough"/>
</testsuite> <!-- com.banjara_Teacher.scripts.Select_Date_Attendance_Rough -->
