<?xml version="1.0" encoding="UTF-8"?>
<!-- Generated by org.testng.reporters.JUnitReportReporter -->
<testsuite skipped="0" hostname="mergertestings" name="com.banjara.scripts.verifyValidLogin" tests="2" failures="0" timestamp="29 May 2017 11:51:18 GMT" time="40.084" errors="0">
  <testcase name="testVerifyValidLogin" time="17.665" classname="com.banjara.scripts.verifyValidLogin"/>
  <testcase name="testVerifyValidLogin" time="22.419" classname="com.banjara.scripts.verifyValidLogin"/>
</testsuite> <!-- com.banjara.scripts.verifyValidLogin -->
