<?xml version="1.0" encoding="UTF-8"?>
<!-- Generated by org.testng.reporters.JUnitReportReporter -->
<testsuite skipped="0" hostname="mergertestings" name="com.banjara_Teacher.scripts.Add_Student_Result_Test" tests="1" failures="0" timestamp="19 Jun 2017 05:02:08 GMT" time="51.352" errors="0">
  <testcase name="test_Add_Student_Result" time="51.352" classname="com.banjara_Teacher.scripts.Add_Student_Result_Test"/>
</testsuite> <!-- com.banjara_Teacher.scripts.Add_Student_Result_Test -->
